<?xml version="1.0" encoding="UTF-8"?>
<coverage generated="1770634157570" clover="3.2.0">
  <project timestamp="1770634157570" name="All files">
    <metrics statements="152" coveredstatements="131" conditionals="61" coveredconditionals="52" methods="21" coveredmethods="17" elements="234" coveredelements="200" complexity="0" loc="152" ncloc="152" packages="1" files="2" classes="2"/>
    <file name="db.js" path="C:\Users\justi\SynologyDrive\school\Summa jaar 2 redo\API-basis\Anime-API\db.js">
      <metrics statements="40" coveredstatements="34" conditionals="19" coveredconditionals="14" methods="7" coveredmethods="5"/>
      <line num="1" count="3" type="stmt"/>
      <line num="2" count="3" type="stmt"/>
      <line num="3" count="3" type="stmt"/>
      <line num="6" count="3" type="stmt"/>
      <line num="7" count="3" type="cond" truecount="1" falsecount="1"/>
      <line num="12" count="3" type="stmt"/>
      <line num="15" count="3" type="stmt"/>
      <line num="19" count="3" type="stmt"/>
      <line num="21" count="3" type="stmt"/>
      <line num="31" count="3" type="stmt"/>
      <line num="43" count="3" type="stmt"/>
      <line num="52" count="3" type="stmt"/>
      <line num="60" count="3" type="stmt"/>
      <line num="62" count="0" type="stmt"/>
      <line num="67" count="3" type="stmt"/>
      <line num="70" count="3" type="stmt"/>
      <line num="73" count="234" type="stmt"/>
      <line num="74" count="234" type="stmt"/>
      <line num="75" count="234" type="cond" truecount="2" falsecount="0"/>
      <line num="76" count="37" type="stmt"/>
      <line num="77" count="37" type="cond" truecount="2" falsecount="0"/>
      <line num="78" count="37" type="stmt"/>
      <line num="79" count="197" type="cond" truecount="2" falsecount="0"/>
      <line num="80" count="63" type="stmt"/>
      <line num="81" count="63" type="cond" truecount="1" falsecount="1"/>
      <line num="82" count="61" type="stmt"/>
      <line num="83" count="134" type="cond" truecount="3" falsecount="1"/>
      <line num="85" count="134" type="stmt"/>
      <line num="86" count="134" type="cond" truecount="2" falsecount="0"/>
      <line num="87" count="133" type="stmt"/>
      <line num="88" count="0" type="cond" truecount="0" falsecount="2"/>
      <line num="90" count="0" type="stmt"/>
      <line num="92" count="0" type="stmt"/>
      <line num="93" count="0" type="stmt"/>
      <line num="96" count="3" type="stmt"/>
      <line num="103" count="0" type="stmt"/>
      <line num="111" count="3" type="stmt"/>
      <line num="112" count="3" type="stmt"/>
      <line num="113" count="3" type="stmt"/>
      <line num="118" count="3" type="stmt"/>
    </file>
    <file name="index.js" path="C:\Users\justi\SynologyDrive\school\Summa jaar 2 redo\API-basis\Anime-API\index.js">
      <metrics statements="112" coveredstatements="97" conditionals="42" coveredconditionals="38" methods="14" coveredmethods="12"/>
      <line num="1" count="3" type="stmt"/>
      <line num="2" count="3" type="stmt"/>
      <line num="3" count="3" type="stmt"/>
      <line num="5" count="3" type="stmt"/>
      <line num="6" count="3" type="cond" truecount="1" falsecount="1"/>
      <line num="9" count="3" type="stmt"/>
      <line num="14" count="3" type="stmt"/>
      <line num="15" count="4" type="stmt"/>
      <line num="16" count="4" type="stmt"/>
      <line num="19" count="4" type="stmt"/>
      <line num="21" count="3" type="stmt"/>
      <line num="25" count="3" type="stmt"/>
      <line num="29" count="4" type="stmt"/>
      <line num="35" count="0" type="stmt"/>
      <line num="44" count="3" type="stmt"/>
      <line num="45" count="6" type="stmt"/>
      <line num="46" count="6" type="stmt"/>
      <line num="48" count="6" type="cond" truecount="2" falsecount="0"/>
      <line num="49" count="5" type="stmt"/>
      <line num="55" count="1" type="stmt"/>
      <line num="60" count="1" type="stmt"/>
      <line num="65" count="0" type="stmt"/>
      <line num="74" count="3" type="stmt"/>
      <line num="75" count="10" type="stmt"/>
      <line num="76" count="10" type="stmt"/>
      <line num="78" count="10" type="cond" truecount="2" falsecount="0"/>
      <line num="79" count="3" type="stmt"/>
      <line num="85" count="7" type="stmt"/>
      <line num="87" count="5" type="stmt"/>
      <line num="96" count="2" type="cond" truecount="4" falsecount="1"/>
      <line num="97" count="2" type="stmt"/>
      <line num="102" count="0" type="stmt"/>
      <line num="111" count="3" type="stmt"/>
      <line num="112" count="7" type="stmt"/>
      <line num="113" count="7" type="stmt"/>
      <line num="115" count="7" type="cond" truecount="2" falsecount="0"/>
      <line num="116" count="2" type="stmt"/>
      <line num="122" count="5" type="stmt"/>
      <line num="127" count="4" type="cond" truecount="2" falsecount="0"/>
      <line num="128" count="2" type="stmt"/>
      <line num="134" count="2" type="stmt"/>
      <line num="143" count="1" type="cond" truecount="4" falsecount="1"/>
      <line num="144" count="1" type="stmt"/>
      <line num="149" count="0" type="stmt"/>
      <line num="158" count="3" type="stmt"/>
      <line num="159" count="4" type="stmt"/>
      <line num="160" count="4" type="stmt"/>
      <line num="162" count="4" type="cond" truecount="2" falsecount="0"/>
      <line num="163" count="2" type="stmt"/>
      <line num="169" count="2" type="stmt"/>
      <line num="174" count="0" type="stmt"/>
      <line num="185" count="3" type="stmt"/>
      <line num="186" count="5" type="stmt"/>
      <line num="187" count="5" type="stmt"/>
      <line num="189" count="5" type="cond" truecount="2" falsecount="0"/>
      <line num="190" count="2" type="stmt"/>
      <line num="196" count="3" type="stmt"/>
      <line num="201" count="3" type="stmt"/>
      <line num="208" count="0" type="stmt"/>
      <line num="217" count="3" type="stmt"/>
      <line num="218" count="4" type="stmt"/>
      <line num="219" count="4" type="stmt"/>
      <line num="221" count="4" type="cond" truecount="2" falsecount="0"/>
      <line num="222" count="1" type="stmt"/>
      <line num="228" count="3" type="stmt"/>
      <line num="233" count="3" type="cond" truecount="2" falsecount="0"/>
      <line num="234" count="2" type="stmt"/>
      <line num="240" count="1" type="stmt"/>
      <line num="246" count="0" type="stmt"/>
      <line num="255" count="3" type="stmt"/>
      <line num="256" count="7" type="stmt"/>
      <line num="257" count="7" type="stmt"/>
      <line num="259" count="7" type="cond" truecount="2" falsecount="0"/>
      <line num="260" count="3" type="stmt"/>
      <line num="267" count="4" type="stmt"/>
      <line num="269" count="4" type="cond" truecount="2" falsecount="0"/>
      <line num="270" count="2" type="stmt"/>
      <line num="276" count="2" type="stmt"/>
      <line num="281" count="2" type="stmt"/>
      <line num="291" count="0" type="stmt"/>
      <line num="300" count="3" type="stmt"/>
      <line num="301" count="3" type="stmt"/>
      <line num="302" count="3" type="stmt"/>
      <line num="304" count="3" type="cond" truecount="2" falsecount="0"/>
      <line num="305" count="1" type="stmt"/>
      <line num="311" count="2" type="stmt"/>
      <line num="316" count="2" type="cond" truecount="2" falsecount="0"/>
      <line num="317" count="1" type="stmt"/>
      <line num="323" count="1" type="stmt"/>
      <line num="333" count="0" type="stmt"/>
      <line num="342" count="3" type="stmt"/>
      <line num="343" count="3" type="stmt"/>
      <line num="344" count="3" type="stmt"/>
      <line num="349" count="3" type="cond" truecount="2" falsecount="0"/>
      <line num="350" count="2" type="stmt"/>
      <line num="356" count="1" type="stmt"/>
      <line num="361" count="0" type="stmt"/>
      <line num="372" count="3" type="stmt"/>
      <line num="373" count="6" type="stmt"/>
      <line num="374" count="6" type="stmt"/>
      <line num="376" count="6" type="cond" truecount="2" falsecount="0"/>
      <line num="377" count="3" type="stmt"/>
      <line num="383" count="3" type="stmt"/>
      <line num="388" count="3" type="stmt"/>
      <line num="394" count="0" type="stmt"/>
      <line num="405" count="3" type="stmt"/>
      <line num="406" count="0" type="stmt"/>
      <line num="431" count="3" type="cond" truecount="1" falsecount="1"/>
      <line num="432" count="0" type="stmt"/>
      <line num="433" count="0" type="stmt"/>
      <line num="434" count="0" type="stmt"/>
      <line num="439" count="3" type="stmt"/>
    </file>
  </project>
</coverage>
