{"C:\\Users\\justi\\SynologyDrive\\school\\Summa jaar 2 redo\\API-basis\\Anime-API\\db.js": {"path":"C:\\Users\\justi\\SynologyDrive\\school\\Summa jaar 2 redo\\API-basis\\Anime-API\\db.js","statementMap":{"0":{"start":{"line":1,"column":17},"end":{"line":1,"column":42}},"1":{"start":{"line":2,"column":13},"end":{"line":2,"column":28}},"2":{"start":{"line":3,"column":0},"end":{"line":3,"column":27}},"3":{"start":{"line":6,"column":26},"end":{"line":6,"column":57}},"4":{"start":{"line":7,"column":15},"end":{"line":9,"column":36}},"5":{"start":{"line":12,"column":11},"end":{"line":12,"column":31}},"6":{"start":{"line":15,"column":0},"end":{"line":15,"column":31}},"7":{"start":{"line":19,"column":2},"end":{"line":63,"column":3}},"8":{"start":{"line":21,"column":4},"end":{"line":28,"column":7}},"9":{"start":{"line":31,"column":4},"end":{"line":40,"column":7}},"10":{"start":{"line":43,"column":4},"end":{"line":49,"column":7}},"11":{"start":{"line":52,"column":4},"end":{"line":58,"column":7}},"12":{"start":{"line":60,"column":4},"end":{"line":60,"column":61}},"13":{"start":{"line":62,"column":4},"end":{"line":62,"column":70}},"14":{"start":{"line":67,"column":0},"end":{"line":67,"column":15}},"15":{"start":{"line":70,"column":23},"end":{"line":116,"column":1}},"16":{"start":{"line":73,"column":4},"end":{"line":98,"column":7}},"17":{"start":{"line":74,"column":6},"end":{"line":97,"column":7}},"18":{"start":{"line":75,"column":8},"end":{"line":94,"column":9}},"19":{"start":{"line":76,"column":23},"end":{"line":76,"column":38}},"20":{"start":{"line":77,"column":23},"end":{"line":77,"column":72}},"21":{"start":{"line":78,"column":10},"end":{"line":78,"column":26}},"22":{"start":{"line":79,"column":15},"end":{"line":94,"column":9}},"23":{"start":{"line":80,"column":23},"end":{"line":80,"column":38}},"24":{"start":{"line":81,"column":23},"end":{"line":81,"column":72}},"25":{"start":{"line":82,"column":10},"end":{"line":82,"column":84}},"26":{"start":{"line":83,"column":15},"end":{"line":94,"column":9}},"27":{"start":{"line":85,"column":23},"end":{"line":85,"column":38}},"28":{"start":{"line":86,"column":23},"end":{"line":86,"column":72}},"29":{"start":{"line":87,"column":10},"end":{"line":87,"column":52}},"30":{"start":{"line":88,"column":15},"end":{"line":94,"column":9}},"31":{"start":{"line":90,"column":10},"end":{"line":90,"column":41}},"32":{"start":{"line":92,"column":10},"end":{"line":92,"column":23}},"33":{"start":{"line":93,"column":10},"end":{"line":93,"column":41}},"34":{"start":{"line":96,"column":8},"end":{"line":96,"column":22}},"35":{"start":{"line":103,"column":4},"end":{"line":106,"column":6}},"36":{"start":{"line":111,"column":4},"end":{"line":114,"column":7}},"37":{"start":{"line":112,"column":6},"end":{"line":112,"column":17}},"38":{"start":{"line":113,"column":6},"end":{"line":113,"column":16}},"39":{"start":{"line":118,"column":0},"end":{"line":118,"column":32}}},"fnMap":{"0":{"name":"initDatabase","decl":{"start":{"line":18,"column":9},"end":{"line":18,"column":21}},"loc":{"start":{"line":18,"column":24},"end":{"line":64,"column":1}},"line":18},"1":{"name":"(anonymous_1)","decl":{"start":{"line":72,"column":9},"end":{"line":72,"column":10}},"loc":{"start":{"line":72,"column":31},"end":{"line":99,"column":3}},"line":72},"2":{"name":"(anonymous_2)","decl":{"start":{"line":73,"column":23},"end":{"line":73,"column":24}},"loc":{"start":{"line":73,"column":44},"end":{"line":98,"column":5}},"line":73},"3":{"name":"(anonymous_3)","decl":{"start":{"line":102,"column":17},"end":{"line":102,"column":18}},"loc":{"start":{"line":102,"column":29},"end":{"line":107,"column":3}},"line":102},"4":{"name":"(anonymous_4)","decl":{"start":{"line":105,"column":15},"end":{"line":105,"column":16}},"loc":{"start":{"line":105,"column":21},"end":{"line":105,"column":23}},"line":105},"5":{"name":"(anonymous_5)","decl":{"start":{"line":110,"column":7},"end":{"line":110,"column":8}},"loc":{"start":{"line":110,"column":13},"end":{"line":115,"column":3}},"line":110},"6":{"name":"(anonymous_6)","decl":{"start":{"line":111,"column":23},"end":{"line":111,"column":24}},"loc":{"start":{"line":111,"column":36},"end":{"line":114,"column":5}},"line":111}},"branchMap":{"0":{"loc":{"start":{"line":7,"column":15},"end":{"line":9,"column":36}},"type":"cond-expr","locations":[{"start":{"line":8,"column":4},"end":{"line":8,"column":41}},{"start":{"line":9,"column":4},"end":{"line":9,"column":36}}],"line":7},"1":{"loc":{"start":{"line":72,"column":15},"end":{"line":72,"column":26}},"type":"default-arg","locations":[{"start":{"line":72,"column":24},"end":{"line":72,"column":26}}],"line":72},"2":{"loc":{"start":{"line":75,"column":8},"end":{"line":94,"column":9}},"type":"if","locations":[{"start":{"line":75,"column":8},"end":{"line":94,"column":9}},{"start":{"line":79,"column":15},"end":{"line":94,"column":9}}],"line":75},"3":{"loc":{"start":{"line":77,"column":23},"end":{"line":77,"column":72}},"type":"cond-expr","locations":[{"start":{"line":77,"column":43},"end":{"line":77,"column":59}},{"start":{"line":77,"column":62},"end":{"line":77,"column":72}}],"line":77},"4":{"loc":{"start":{"line":79,"column":15},"end":{"line":94,"column":9}},"type":"if","locations":[{"start":{"line":79,"column":15},"end":{"line":94,"column":9}},{"start":{"line":83,"column":15},"end":{"line":94,"column":9}}],"line":79},"5":{"loc":{"start":{"line":81,"column":23},"end":{"line":81,"column":72}},"type":"cond-expr","locations":[{"start":{"line":81,"column":43},"end":{"line":81,"column":59}},{"start":{"line":81,"column":62},"end":{"line":81,"column":72}}],"line":81},"6":{"loc":{"start":{"line":83,"column":15},"end":{"line":94,"column":9}},"type":"if","locations":[{"start":{"line":83,"column":15},"end":{"line":94,"column":9}},{"start":{"line":88,"column":15},"end":{"line":94,"column":9}}],"line":83},"7":{"loc":{"start":{"line":83,"column":19},"end":{"line":84,"column":64}},"type":"binary-expr","locations":[{"start":{"line":83,"column":19},"end":{"line":83,"column":64}},{"start":{"line":84,"column":19},"end":{"line":84,"column":64}}],"line":83},"8":{"loc":{"start":{"line":86,"column":23},"end":{"line":86,"column":72}},"type":"cond-expr","locations":[{"start":{"line":86,"column":43},"end":{"line":86,"column":59}},{"start":{"line":86,"column":62},"end":{"line":86,"column":72}}],"line":86},"9":{"loc":{"start":{"line":88,"column":15},"end":{"line":94,"column":9}},"type":"if","locations":[{"start":{"line":88,"column":15},"end":{"line":94,"column":9}},{"start":{"line":91,"column":15},"end":{"line":94,"column":9}}],"line":88}},"s":{"0":3,"1":3,"2":3,"3":3,"4":3,"5":3,"6":3,"7":3,"8":3,"9":3,"10":3,"11":3,"12":3,"13":0,"14":3,"15":3,"16":234,"17":234,"18":234,"19":37,"20":37,"21":37,"22":197,"23":63,"24":63,"25":61,"26":134,"27":134,"28":134,"29":133,"30":0,"31":0,"32":0,"33":0,"34":3,"35":0,"36":3,"37":3,"38":3,"39":3},"f":{"0":3,"1":234,"2":234,"3":0,"4":0,"5":3,"6":3},"b":{"0":[3,0],"1":[124],"2":[37,197],"3":[33,4],"4":[63,134],"5":[63,0],"6":[134,0],"7":[134,127],"8":[14,120],"9":[0,0]},"_coverageSchema":"1a1c01bbd47fc00a2c39e90264f33305004495a9","hash":"9face51287f43c64ffb8982ad2eb993cecd64b91"}
,"C:\\Users\\justi\\SynologyDrive\\school\\Summa jaar 2 redo\\API-basis\\Anime-API\\index.js": {"path":"C:\\Users\\justi\\SynologyDrive\\school\\Summa jaar 2 redo\\API-basis\\Anime-API\\index.js","statementMap":{"0":{"start":{"line":1,"column":16},"end":{"line":1,"column":34}},"1":{"start":{"line":2,"column":11},"end":{"line":2,"column":26}},"2":{"start":{"line":3,"column":0},"end":{"line":3,"column":27}},"3":{"start":{"line":5,"column":12},"end":{"line":5,"column":21}},"4":{"start":{"line":6,"column":13},"end":{"line":6,"column":37}},"5":{"start":{"line":9,"column":0},"end":{"line":9,"column":24}},"6":{"start":{"line":14,"column":0},"end":{"line":41,"column":3}},"7":{"start":{"line":15,"column":2},"end":{"line":40,"column":3}},"8":{"start":{"line":16,"column":20},"end":{"line":16,"column":57}},"9":{"start":{"line":19,"column":32},"end":{"line":27,"column":5}},"10":{"start":{"line":21,"column":29},"end":{"line":24,"column":9}},"11":{"start":{"line":25,"column":8},"end":{"line":25,"column":36}},"12":{"start":{"line":29,"column":4},"end":{"line":33,"column":7}},"13":{"start":{"line":35,"column":4},"end":{"line":39,"column":7}},"14":{"start":{"line":44,"column":0},"end":{"line":71,"column":3}},"15":{"start":{"line":45,"column":2},"end":{"line":70,"column":3}},"16":{"start":{"line":46,"column":20},"end":{"line":46,"column":87}},"17":{"start":{"line":48,"column":4},"end":{"line":53,"column":5}},"18":{"start":{"line":49,"column":6},"end":{"line":52,"column":9}},"19":{"start":{"line":55,"column":25},"end":{"line":58,"column":5}},"20":{"start":{"line":60,"column":4},"end":{"line":63,"column":7}},"21":{"start":{"line":65,"column":4},"end":{"line":69,"column":7}},"22":{"start":{"line":74,"column":0},"end":{"line":108,"column":3}},"23":{"start":{"line":75,"column":2},"end":{"line":107,"column":3}},"24":{"start":{"line":76,"column":21},"end":{"line":76,"column":29}},"25":{"start":{"line":78,"column":4},"end":{"line":83,"column":5}},"26":{"start":{"line":79,"column":6},"end":{"line":82,"column":9}},"27":{"start":{"line":85,"column":21},"end":{"line":85,"column":82}},"28":{"start":{"line":87,"column":4},"end":{"line":94,"column":7}},"29":{"start":{"line":96,"column":4},"end":{"line":101,"column":5}},"30":{"start":{"line":97,"column":6},"end":{"line":100,"column":9}},"31":{"start":{"line":102,"column":4},"end":{"line":106,"column":7}},"32":{"start":{"line":111,"column":0},"end":{"line":155,"column":3}},"33":{"start":{"line":112,"column":2},"end":{"line":154,"column":3}},"34":{"start":{"line":113,"column":21},"end":{"line":113,"column":29}},"35":{"start":{"line":115,"column":4},"end":{"line":120,"column":5}},"36":{"start":{"line":116,"column":6},"end":{"line":119,"column":9}},"37":{"start":{"line":122,"column":21},"end":{"line":125,"column":5}},"38":{"start":{"line":127,"column":4},"end":{"line":132,"column":5}},"39":{"start":{"line":128,"column":6},"end":{"line":131,"column":9}},"40":{"start":{"line":134,"column":4},"end":{"line":141,"column":7}},"41":{"start":{"line":143,"column":4},"end":{"line":148,"column":5}},"42":{"start":{"line":144,"column":6},"end":{"line":147,"column":9}},"43":{"start":{"line":149,"column":4},"end":{"line":153,"column":7}},"44":{"start":{"line":158,"column":0},"end":{"line":180,"column":3}},"45":{"start":{"line":159,"column":2},"end":{"line":179,"column":3}},"46":{"start":{"line":160,"column":21},"end":{"line":160,"column":86}},"47":{"start":{"line":162,"column":4},"end":{"line":167,"column":5}},"48":{"start":{"line":163,"column":6},"end":{"line":166,"column":9}},"49":{"start":{"line":169,"column":4},"end":{"line":172,"column":7}},"50":{"start":{"line":174,"column":4},"end":{"line":178,"column":7}},"51":{"start":{"line":185,"column":0},"end":{"line":214,"column":3}},"52":{"start":{"line":186,"column":2},"end":{"line":213,"column":3}},"53":{"start":{"line":187,"column":20},"end":{"line":187,"column":90}},"54":{"start":{"line":189,"column":4},"end":{"line":194,"column":5}},"55":{"start":{"line":190,"column":6},"end":{"line":193,"column":9}},"56":{"start":{"line":196,"column":25},"end":{"line":199,"column":5}},"57":{"start":{"line":201,"column":4},"end":{"line":206,"column":7}},"58":{"start":{"line":208,"column":4},"end":{"line":212,"column":7}},"59":{"start":{"line":217,"column":0},"end":{"line":252,"column":3}},"60":{"start":{"line":218,"column":2},"end":{"line":251,"column":3}},"61":{"start":{"line":219,"column":20},"end":{"line":219,"column":95}},"62":{"start":{"line":221,"column":4},"end":{"line":226,"column":5}},"63":{"start":{"line":222,"column":6},"end":{"line":225,"column":9}},"64":{"start":{"line":228,"column":24},"end":{"line":231,"column":5}},"65":{"start":{"line":233,"column":4},"end":{"line":238,"column":5}},"66":{"start":{"line":234,"column":6},"end":{"line":237,"column":9}},"67":{"start":{"line":240,"column":4},"end":{"line":244,"column":7}},"68":{"start":{"line":246,"column":4},"end":{"line":250,"column":7}},"69":{"start":{"line":255,"column":0},"end":{"line":297,"column":3}},"70":{"start":{"line":256,"column":2},"end":{"line":296,"column":3}},"71":{"start":{"line":257,"column":21},"end":{"line":257,"column":29}},"72":{"start":{"line":259,"column":4},"end":{"line":264,"column":5}},"73":{"start":{"line":260,"column":6},"end":{"line":263,"column":9}},"74":{"start":{"line":267,"column":20},"end":{"line":267,"column":88}},"75":{"start":{"line":269,"column":4},"end":{"line":274,"column":5}},"76":{"start":{"line":270,"column":6},"end":{"line":273,"column":9}},"77":{"start":{"line":276,"column":21},"end":{"line":279,"column":5}},"78":{"start":{"line":281,"column":4},"end":{"line":289,"column":7}},"79":{"start":{"line":291,"column":4},"end":{"line":295,"column":7}},"80":{"start":{"line":300,"column":0},"end":{"line":339,"column":3}},"81":{"start":{"line":301,"column":2},"end":{"line":338,"column":3}},"82":{"start":{"line":302,"column":21},"end":{"line":302,"column":29}},"83":{"start":{"line":304,"column":4},"end":{"line":309,"column":5}},"84":{"start":{"line":305,"column":6},"end":{"line":308,"column":9}},"85":{"start":{"line":311,"column":21},"end":{"line":314,"column":5}},"86":{"start":{"line":316,"column":4},"end":{"line":321,"column":5}},"87":{"start":{"line":317,"column":6},"end":{"line":320,"column":9}},"88":{"start":{"line":323,"column":4},"end":{"line":331,"column":7}},"89":{"start":{"line":333,"column":4},"end":{"line":337,"column":7}},"90":{"start":{"line":342,"column":0},"end":{"line":367,"column":3}},"91":{"start":{"line":343,"column":2},"end":{"line":366,"column":3}},"92":{"start":{"line":344,"column":21},"end":{"line":347,"column":5}},"93":{"start":{"line":349,"column":4},"end":{"line":354,"column":5}},"94":{"start":{"line":350,"column":6},"end":{"line":353,"column":9}},"95":{"start":{"line":356,"column":4},"end":{"line":359,"column":7}},"96":{"start":{"line":361,"column":4},"end":{"line":365,"column":7}},"97":{"start":{"line":372,"column":0},"end":{"line":400,"column":3}},"98":{"start":{"line":373,"column":2},"end":{"line":399,"column":3}},"99":{"start":{"line":374,"column":18},"end":{"line":374,"column":29}},"100":{"start":{"line":376,"column":4},"end":{"line":381,"column":5}},"101":{"start":{"line":377,"column":6},"end":{"line":380,"column":9}},"102":{"start":{"line":383,"column":22},"end":{"line":386,"column":5}},"103":{"start":{"line":388,"column":4},"end":{"line":392,"column":7}},"104":{"start":{"line":394,"column":4},"end":{"line":398,"column":7}},"105":{"start":{"line":405,"column":0},"end":{"line":428,"column":3}},"106":{"start":{"line":406,"column":2},"end":{"line":427,"column":5}},"107":{"start":{"line":431,"column":0},"end":{"line":436,"column":1}},"108":{"start":{"line":432,"column":2},"end":{"line":435,"column":5}},"109":{"start":{"line":433,"column":4},"end":{"line":433,"column":71}},"110":{"start":{"line":434,"column":4},"end":{"line":434,"column":75}},"111":{"start":{"line":439,"column":0},"end":{"line":439,"column":21}}},"fnMap":{"0":{"name":"(anonymous_0)","decl":{"start":{"line":14,"column":22},"end":{"line":14,"column":23}},"loc":{"start":{"line":14,"column":42},"end":{"line":41,"column":1}},"line":14},"1":{"name":"(anonymous_1)","decl":{"start":{"line":20,"column":16},"end":{"line":20,"column":17}},"loc":{"start":{"line":20,"column":29},"end":{"line":26,"column":7}},"line":20},"2":{"name":"(anonymous_2)","decl":{"start":{"line":44,"column":26},"end":{"line":44,"column":27}},"loc":{"start":{"line":44,"column":46},"end":{"line":71,"column":1}},"line":44},"3":{"name":"(anonymous_3)","decl":{"start":{"line":74,"column":23},"end":{"line":74,"column":24}},"loc":{"start":{"line":74,"column":43},"end":{"line":108,"column":1}},"line":74},"4":{"name":"(anonymous_4)","decl":{"start":{"line":111,"column":26},"end":{"line":111,"column":27}},"loc":{"start":{"line":111,"column":46},"end":{"line":155,"column":1}},"line":111},"5":{"name":"(anonymous_5)","decl":{"start":{"line":158,"column":29},"end":{"line":158,"column":30}},"loc":{"start":{"line":158,"column":49},"end":{"line":180,"column":1}},"line":158},"6":{"name":"(anonymous_6)","decl":{"start":{"line":185,"column":37},"end":{"line":185,"column":38}},"loc":{"start":{"line":185,"column":57},"end":{"line":214,"column":1}},"line":185},"7":{"name":"(anonymous_7)","decl":{"start":{"line":217,"column":55},"end":{"line":217,"column":56}},"loc":{"start":{"line":217,"column":75},"end":{"line":252,"column":1}},"line":217},"8":{"name":"(anonymous_8)","decl":{"start":{"line":255,"column":38},"end":{"line":255,"column":39}},"loc":{"start":{"line":255,"column":58},"end":{"line":297,"column":1}},"line":255},"9":{"name":"(anonymous_9)","decl":{"start":{"line":300,"column":55},"end":{"line":300,"column":56}},"loc":{"start":{"line":300,"column":75},"end":{"line":339,"column":1}},"line":300},"10":{"name":"(anonymous_10)","decl":{"start":{"line":342,"column":58},"end":{"line":342,"column":59}},"loc":{"start":{"line":342,"column":78},"end":{"line":367,"column":1}},"line":342},"11":{"name":"(anonymous_11)","decl":{"start":{"line":372,"column":23},"end":{"line":372,"column":24}},"loc":{"start":{"line":372,"column":43},"end":{"line":400,"column":1}},"line":372},"12":{"name":"(anonymous_12)","decl":{"start":{"line":405,"column":13},"end":{"line":405,"column":14}},"loc":{"start":{"line":405,"column":27},"end":{"line":428,"column":1}},"line":405},"13":{"name":"(anonymous_13)","decl":{"start":{"line":432,"column":19},"end":{"line":432,"column":20}},"loc":{"start":{"line":432,"column":25},"end":{"line":435,"column":3}},"line":432}},"branchMap":{"0":{"loc":{"start":{"line":6,"column":13},"end":{"line":6,"column":37}},"type":"binary-expr","locations":[{"start":{"line":6,"column":13},"end":{"line":6,"column":29}},{"start":{"line":6,"column":33},"end":{"line":6,"column":37}}],"line":6},"1":{"loc":{"start":{"line":48,"column":4},"end":{"line":53,"column":5}},"type":"if","locations":[{"start":{"line":48,"column":4},"end":{"line":53,"column":5}},{"start":{},"end":{}}],"line":48},"2":{"loc":{"start":{"line":78,"column":4},"end":{"line":83,"column":5}},"type":"if","locations":[{"start":{"line":78,"column":4},"end":{"line":83,"column":5}},{"start":{},"end":{}}],"line":78},"3":{"loc":{"start":{"line":96,"column":4},"end":{"line":101,"column":5}},"type":"if","locations":[{"start":{"line":96,"column":4},"end":{"line":101,"column":5}},{"start":{},"end":{}}],"line":96},"4":{"loc":{"start":{"line":96,"column":8},"end":{"line":96,"column":129}},"type":"binary-expr","locations":[{"start":{"line":96,"column":8},"end":{"line":96,"column":37}},{"start":{"line":96,"column":41},"end":{"line":96,"column":75}},{"start":{"line":96,"column":79},"end":{"line":96,"column":129}}],"line":96},"5":{"loc":{"start":{"line":115,"column":4},"end":{"line":120,"column":5}},"type":"if","locations":[{"start":{"line":115,"column":4},"end":{"line":120,"column":5}},{"start":{},"end":{}}],"line":115},"6":{"loc":{"start":{"line":127,"column":4},"end":{"line":132,"column":5}},"type":"if","locations":[{"start":{"line":127,"column":4},"end":{"line":132,"column":5}},{"start":{},"end":{}}],"line":127},"7":{"loc":{"start":{"line":143,"column":4},"end":{"line":148,"column":5}},"type":"if","locations":[{"start":{"line":143,"column":4},"end":{"line":148,"column":5}},{"start":{},"end":{}}],"line":143},"8":{"loc":{"start":{"line":143,"column":8},"end":{"line":143,"column":129}},"type":"binary-expr","locations":[{"start":{"line":143,"column":8},"end":{"line":143,"column":37}},{"start":{"line":143,"column":41},"end":{"line":143,"column":75}},{"start":{"line":143,"column":79},"end":{"line":143,"column":129}}],"line":143},"9":{"loc":{"start":{"line":162,"column":4},"end":{"line":167,"column":5}},"type":"if","locations":[{"start":{"line":162,"column":4},"end":{"line":167,"column":5}},{"start":{},"end":{}}],"line":162},"10":{"loc":{"start":{"line":189,"column":4},"end":{"line":194,"column":5}},"type":"if","locations":[{"start":{"line":189,"column":4},"end":{"line":194,"column":5}},{"start":{},"end":{}}],"line":189},"11":{"loc":{"start":{"line":221,"column":4},"end":{"line":226,"column":5}},"type":"if","locations":[{"start":{"line":221,"column":4},"end":{"line":226,"column":5}},{"start":{},"end":{}}],"line":221},"12":{"loc":{"start":{"line":233,"column":4},"end":{"line":238,"column":5}},"type":"if","locations":[{"start":{"line":233,"column":4},"end":{"line":238,"column":5}},{"start":{},"end":{}}],"line":233},"13":{"loc":{"start":{"line":259,"column":4},"end":{"line":264,"column":5}},"type":"if","locations":[{"start":{"line":259,"column":4},"end":{"line":264,"column":5}},{"start":{},"end":{}}],"line":259},"14":{"loc":{"start":{"line":269,"column":4},"end":{"line":274,"column":5}},"type":"if","locations":[{"start":{"line":269,"column":4},"end":{"line":274,"column":5}},{"start":{},"end":{}}],"line":269},"15":{"loc":{"start":{"line":304,"column":4},"end":{"line":309,"column":5}},"type":"if","locations":[{"start":{"line":304,"column":4},"end":{"line":309,"column":5}},{"start":{},"end":{}}],"line":304},"16":{"loc":{"start":{"line":316,"column":4},"end":{"line":321,"column":5}},"type":"if","locations":[{"start":{"line":316,"column":4},"end":{"line":321,"column":5}},{"start":{},"end":{}}],"line":316},"17":{"loc":{"start":{"line":349,"column":4},"end":{"line":354,"column":5}},"type":"if","locations":[{"start":{"line":349,"column":4},"end":{"line":354,"column":5}},{"start":{},"end":{}}],"line":349},"18":{"loc":{"start":{"line":376,"column":4},"end":{"line":381,"column":5}},"type":"if","locations":[{"start":{"line":376,"column":4},"end":{"line":381,"column":5}},{"start":{},"end":{}}],"line":376},"19":{"loc":{"start":{"line":431,"column":0},"end":{"line":436,"column":1}},"type":"if","locations":[{"start":{"line":431,"column":0},"end":{"line":436,"column":1}},{"start":{},"end":{}}],"line":431}},"s":{"0":3,"1":3,"2":3,"3":3,"4":3,"5":3,"6":3,"7":4,"8":4,"9":4,"10":3,"11":3,"12":4,"13":0,"14":3,"15":6,"16":6,"17":6,"18":5,"19":1,"20":1,"21":0,"22":3,"23":10,"24":10,"25":10,"26":3,"27":7,"28":5,"29":2,"30":2,"31":0,"32":3,"33":7,"34":7,"35":7,"36":2,"37":5,"38":4,"39":2,"40":2,"41":1,"42":1,"43":0,"44":3,"45":4,"46":4,"47":4,"48":2,"49":2,"50":0,"51":3,"52":5,"53":5,"54":5,"55":2,"56":3,"57":3,"58":0,"59":3,"60":4,"61":4,"62":4,"63":1,"64":3,"65":3,"66":2,"67":1,"68":0,"69":3,"70":7,"71":7,"72":7,"73":3,"74":4,"75":4,"76":2,"77":2,"78":2,"79":0,"80":3,"81":3,"82":3,"83":3,"84":1,"85":2,"86":2,"87":1,"88":1,"89":0,"90":3,"91":3,"92":3,"93":3,"94":2,"95":1,"96":0,"97":3,"98":6,"99":6,"100":6,"101":3,"102":3,"103":3,"104":0,"105":3,"106":0,"107":3,"108":0,"109":0,"110":0,"111":3},"f":{"0":4,"1":3,"2":6,"3":10,"4":7,"5":4,"6":5,"7":4,"8":7,"9":3,"10":3,"11":6,"12":0,"13":0},"b":{"0":[3,0],"1":[5,1],"2":[3,7],"3":[2,0],"4":[2,2,2],"5":[2,5],"6":[2,2],"7":[1,0],"8":[1,1,1],"9":[2,2],"10":[2,3],"11":[1,3],"12":[2,1],"13":[3,4],"14":[2,2],"15":[1,2],"16":[1,1],"17":[2,1],"18":[3,3],"19":[0,3]},"_coverageSchema":"1a1c01bbd47fc00a2c39e90264f33305004495a9","hash":"628f12855a9c849b9ca3ecb31e9ac8ad2d9a19be"}
}
