TN:
SF:db.js
FN:18,initDatabase
FN:72,(anonymous_1)
FN:73,(anonymous_2)
FN:102,(anonymous_3)
FN:105,(anonymous_4)
FN:110,(anonymous_5)
FN:111,(anonymous_6)
FNF:7
FNH:5
FNDA:3,initDatabase
FNDA:234,(anonymous_1)
FNDA:234,(anonymous_2)
FNDA:0,(anonymous_3)
FNDA:0,(anonymous_4)
FNDA:3,(anonymous_5)
FNDA:3,(anonymous_6)
DA:1,3
DA:2,3
DA:3,3
DA:6,3
DA:7,3
DA:12,3
DA:15,3
DA:19,3
DA:21,3
DA:31,3
DA:43,3
DA:52,3
DA:60,3
DA:62,0
DA:67,3
DA:70,3
DA:73,234
DA:74,234
DA:75,234
DA:76,37
DA:77,37
DA:78,37
DA:79,197
DA:80,63
DA:81,63
DA:82,61
DA:83,134
DA:85,134
DA:86,134
DA:87,133
DA:88,0
DA:90,0
DA:92,0
DA:93,0
DA:96,3
DA:103,0
DA:111,3
DA:112,3
DA:113,3
DA:118,3
LF:40
LH:34
BRDA:7,0,0,3
BRDA:7,0,1,0
BRDA:72,1,0,124
BRDA:75,2,0,37
BRDA:75,2,1,197
BRDA:77,3,0,33
BRDA:77,3,1,4
BRDA:79,4,0,63
BRDA:79,4,1,134
BRDA:81,5,0,63
BRDA:81,5,1,0
BRDA:83,6,0,134
BRDA:83,6,1,0
BRDA:83,7,0,134
BRDA:83,7,1,127
BRDA:86,8,0,14
BRDA:86,8,1,120
BRDA:88,9,0,0
BRDA:88,9,1,0
BRF:19
BRH:14
end_of_record
TN:
SF:index.js
FN:14,(anonymous_0)
FN:20,(anonymous_1)
FN:44,(anonymous_2)
FN:74,(anonymous_3)
FN:111,(anonymous_4)
FN:158,(anonymous_5)
FN:185,(anonymous_6)
FN:217,(anonymous_7)
FN:255,(anonymous_8)
FN:300,(anonymous_9)
FN:342,(anonymous_10)
FN:372,(anonymous_11)
FN:405,(anonymous_12)
FN:432,(anonymous_13)
FNF:14
FNH:12
FNDA:4,(anonymous_0)
FNDA:3,(anonymous_1)
FNDA:6,(anonymous_2)
FNDA:10,(anonymous_3)
FNDA:7,(anonymous_4)
FNDA:4,(anonymous_5)
FNDA:5,(anonymous_6)
FNDA:4,(anonymous_7)
FNDA:7,(anonymous_8)
FNDA:3,(anonymous_9)
FNDA:3,(anonymous_10)
FNDA:6,(anonymous_11)
FNDA:0,(anonymous_12)
FNDA:0,(anonymous_13)
DA:1,3
DA:2,3
DA:3,3
DA:5,3
DA:6,3
DA:9,3
DA:14,3
DA:15,4
DA:16,4
DA:19,4
DA:21,3
DA:25,3
DA:29,4
DA:35,0
DA:44,3
DA:45,6
DA:46,6
DA:48,6
DA:49,5
DA:55,1
DA:60,1
DA:65,0
DA:74,3
DA:75,10
DA:76,10
DA:78,10
DA:79,3
DA:85,7
DA:87,5
DA:96,2
DA:97,2
DA:102,0
DA:111,3
DA:112,7
DA:113,7
DA:115,7
DA:116,2
DA:122,5
DA:127,4
DA:128,2
DA:134,2
DA:143,1
DA:144,1
DA:149,0
DA:158,3
DA:159,4
DA:160,4
DA:162,4
DA:163,2
DA:169,2
DA:174,0
DA:185,3
DA:186,5
DA:187,5
DA:189,5
DA:190,2
DA:196,3
DA:201,3
DA:208,0
DA:217,3
DA:218,4
DA:219,4
DA:221,4
DA:222,1
DA:228,3
DA:233,3
DA:234,2
DA:240,1
DA:246,0
DA:255,3
DA:256,7
DA:257,7
DA:259,7
DA:260,3
DA:267,4
DA:269,4
DA:270,2
DA:276,2
DA:281,2
DA:291,0
DA:300,3
DA:301,3
DA:302,3
DA:304,3
DA:305,1
DA:311,2
DA:316,2
DA:317,1
DA:323,1
DA:333,0
DA:342,3
DA:343,3
DA:344,3
DA:349,3
DA:350,2
DA:356,1
DA:361,0
DA:372,3
DA:373,6
DA:374,6
DA:376,6
DA:377,3
DA:383,3
DA:388,3
DA:394,0
DA:405,3
DA:406,0
DA:431,3
DA:432,0
DA:433,0
DA:434,0
DA:439,3
LF:112
LH:97
BRDA:6,0,0,3
BRDA:6,0,1,0
BRDA:48,1,0,5
BRDA:48,1,1,1
BRDA:78,2,0,3
BRDA:78,2,1,7
BRDA:96,3,0,2
BRDA:96,3,1,0
BRDA:96,4,0,2
BRDA:96,4,1,2
BRDA:96,4,2,2
BRDA:115,5,0,2
BRDA:115,5,1,5
BRDA:127,6,0,2
BRDA:127,6,1,2
BRDA:143,7,0,1
BRDA:143,7,1,0
BRDA:143,8,0,1
BRDA:143,8,1,1
BRDA:143,8,2,1
BRDA:162,9,0,2
BRDA:162,9,1,2
BRDA:189,10,0,2
BRDA:189,10,1,3
BRDA:221,11,0,1
BRDA:221,11,1,3
BRDA:233,12,0,2
BRDA:233,12,1,1
BRDA:259,13,0,3
BRDA:259,13,1,4
BRDA:269,14,0,2
BRDA:269,14,1,2
BRDA:304,15,0,1
BRDA:304,15,1,2
BRDA:316,16,0,1
BRDA:316,16,1,1
BRDA:349,17,0,2
BRDA:349,17,1,1
BRDA:376,18,0,3
BRDA:376,18,1,3
BRDA:431,19,0,0
BRDA:431,19,1,3
BRF:42
BRH:38
end_of_record
